<?xml version="1.0" encoding="UTF-8"?>
<!-- Generated by org.testng.reporters.JUnitReportReporter -->
<testsuite skipped="0" hostname="Ray-PC" name="ireff.OperatorTabs_AppTest2" tests="1" failures="0" timestamp="25 Oct 2018 16:38:28 GMT" time="106.157" errors="0">
  <testcase name="startingTest" time="106.157" classname="ireff.OperatorTabs_AppTest2"/>
</testsuite> <!-- ireff.OperatorTabs_AppTest2 -->
