<?xml version="1.0" encoding="UTF-8"?>
<!-- Generated by org.testng.reporters.JUnitReportReporter -->
<testsuite skipped="0" hostname="Ray-PC" name="ireff.TabData_AppTest3" tests="1" failures="0" timestamp="25 Oct 2018 16:38:28 GMT" time="211.048" errors="0">
  <testcase name="startingTest" time="211.048" classname="ireff.TabData_AppTest3"/>
</testsuite> <!-- ireff.TabData_AppTest3 -->
