<?xml version="1.0" encoding="UTF-8"?>
<!-- Generated by org.testng.reporters.JUnitReportReporter -->
<testsuite skipped="0" hostname="Ray-PC" name="ireff.PackData_AppTest4" tests="1" failures="0" timestamp="25 Oct 2018 16:38:29 GMT" time="12.457" errors="0">
  <testcase name="startingTest" time="12.457" classname="ireff.PackData_AppTest4"/>
</testsuite> <!-- ireff.PackData_AppTest4 -->
