<?xml version="1.0" encoding="UTF-8"?>
<!-- Generated by org.testng.reporters.JUnitReportReporter -->
<testsuite skipped="0" hostname="Ray-PC" name="ireff.OperatorsList_AppTest1" tests="1" failures="0" timestamp="26 Oct 2018 13:35:27 GMT" time="33.073" errors="0">
  <testcase name="startingTest" time="33.073" classname="ireff.OperatorsList_AppTest1"/>
</testsuite> <!-- ireff.OperatorsList_AppTest1 -->
